<?xml version="1.0" encoding="UTF-8"?>
<testsuite xmlns:xsi="http://www.w3.org/2001/XMLSchema-instance" xsi:noNamespaceSchemaLocation="https://maven.apache.org/surefire/maven-surefire-plugin/xsd/surefire-test-report-3.0.xsd" version="3.0" name="com.example.TdaconjuntosTest" time="0.054" tests="6" errors="0" skipped="0" failures="0">
  <properties>
[...]
</properties>
  <testcase name="testInterseccionConVacio" classname="com.example.TdaconjuntosTest" time="0.022"/>
  <testcase name="testInterseccionConsigoMismo" classname="com.example.TdaconjuntosTest" time="0.001"/>
  <testcase name="testUnionBasica" classname="com.example.TdaconjuntosTest" time="0.001"/>
  <testcase name="testUnionConsigoMismo" classname="com.example.TdaconjuntosTest" time="0.001"/>
  <testcase name="testUnionConVacio" classname="com.example.TdaconjuntosTest" time="0.001"/>
  <testcase name="testInterseccionBasica" classname="com.example.TdaconjuntosTest" time="0.001"/>
</testsuite>